<?xml version="1.0" encoding="UTF-8"?>
<!-- Generated by org.testng.reporters.JUnitReportReporter -->
<testsuite hostname="Manognas-MBP.attlocal.net" failures="0" tests="1" name="Test_Get" time="2.529" errors="0" timestamp="2020-07-14T18:08:51 CDT" skipped="0">
  <testcase classname="Test_Get" name="test_get" time="2.529"/>
  <system-out/>
</testsuite> <!-- Test_Get -->
