<?xml version="1.0" encoding="UTF-8"?>
<!-- Generated by org.testng.reporters.JUnitReportReporter -->
<testsuite hostname="Manognas-MBP.attlocal.net" failures="0" tests="1" name="Test_Post" time="2.408" errors="0" timestamp="2020-07-14T18:48:19 CDT" skipped="0">
  <testcase classname="Test_Post" name="test_post" time="2.408"/>
  <system-out/>
</testsuite> <!-- Test_Post -->
